<?xml version="1.0" encoding="UTF-8"?>
<testng-results ignored="0" total="1" passed="0" failed="1" skipped="0">
  <reporter-output>
  </reporter-output>
  <suite started-at="2024-06-04T23:50:07 IST" name="Default suite" finished-at="2024-06-04T23:50:20 IST" duration-ms="13035">
    <groups>
    </groups>
    <test started-at="2024-06-04T23:50:07 IST" name="Default test" finished-at="2024-06-04T23:50:20 IST" duration-ms="13035">
      <class name="com.mmt.TestCases.LoginTestCase">
        <test-method is-config="true" signature="setUp()[pri:0, instance:com.mmt.TestCases.LoginTestCase@57a3af25]" started-at="2024-06-04T23:50:07 IST" name="setUp" finished-at="2024-06-04T23:50:19 IST" duration-ms="11614" status="PASS">
          <reporter-output>
          </reporter-output>
        </test-method> <!-- setUp -->
        <test-method is-config="true" signature="initialize()[pri:0, instance:com.mmt.TestCases.LoginTestCase@57a3af25]" started-at="2024-06-04T23:50:19 IST" name="initialize" finished-at="2024-06-04T23:50:19 IST" duration-ms="50" status="PASS">
          <reporter-output>
          </reporter-output>
        </test-method> <!-- initialize -->
        <test-method signature="validLoginTest()[pri:0, instance:com.mmt.TestCases.LoginTestCase@57a3af25]" started-at="2024-06-04T23:50:19 IST" name="validLoginTest" finished-at="2024-06-04T23:50:20 IST" duration-ms="1303" status="FAIL">
          <exception class="org.openqa.selenium.ElementClickInterceptedException">
            <message>
              <![CDATA[element click intercepted: Element <img src="https://imgak.mmtcdn.com/pwa_v3/pwa_commons_assets/SignInByEmail.png" class="appendLeft15 mousePointer signInByEmailButton" data-cy="signInByMailButton" alt="signInByMailButton"> is not clickable at point (895, 337). Other element would receive the click: <iframe title="notification-frame-31767661" name="notification-frame-31767661" id="webklipper-publisher-widget-container-notification-frame" frameborder="0" marginheight="0" marginwidth="0" data-notification-layout-id="~184fc0b7" data-notification-layout-name="modal" style="display: block; position: fixed; z-index: 16776272; left: -1000px; top: -1000px; visibility: visible; height: 100%; width: 100%; transform: translate(1000px, 1000px);"></iframe>
  (Session info: chrome=125.0.6422.113)
Build info: version: '4.21.0', revision: '79ed462ef4'
System info: os.name: 'Windows 10', os.arch: 'amd64', os.version: '10.0', java.version: '20.0.1'
Driver info: org.openqa.selenium.chrome.ChromeDriver
Command: [d2b6219027d81a5b075af01ea8249095, clickElement {id=f.24173CAB4CD3CC59D823BA0796615367.d.E8AA6B5D8B977DB2E433BA9D21EA87A6.e.122}]
Capabilities {acceptInsecureCerts: false, browserName: chrome, browserVersion: 125.0.6422.113, chrome: {chromedriverVersion: 125.0.6422.141 (4b1e8393712..., userDataDir: C:\Users\SRAJAN~1\AppData\L...}, fedcm:accounts: true, goog:chromeOptions: {debuggerAddress: localhost:64760}, networkConnectionEnabled: false, pageLoadStrategy: normal, platformName: windows, proxy: Proxy(), se:cdp: ws://localhost:64760/devtoo..., se:cdpVersion: 125.0.6422.113, setWindowRect: true, strictFileInteractability: false, timeouts: {implicit: 0, pageLoad: 300000, script: 30000}, unhandledPromptBehavior: dismiss and notify, webauthn:extension:credBlob: true, webauthn:extension:largeBlob: true, webauthn:extension:minPinLength: true, webauthn:extension:prf: true, webauthn:virtualAuthenticators: true}
Element: [[ChromeDriver: chrome on windows (d2b6219027d81a5b075af01ea8249095)] -> xpath: //img[@class = 'appendLeft15 mousePointer signInByEmailButton']]
Session ID: d2b6219027d81a5b075af01ea8249095]]>
            </message>
            <full-stacktrace>
              <![CDATA[org.openqa.selenium.ElementClickInterceptedException: element click intercepted: Element <img src="https://imgak.mmtcdn.com/pwa_v3/pwa_commons_assets/SignInByEmail.png" class="appendLeft15 mousePointer signInByEmailButton" data-cy="signInByMailButton" alt="signInByMailButton"> is not clickable at point (895, 337). Other element would receive the click: <iframe title="notification-frame-31767661" name="notification-frame-31767661" id="webklipper-publisher-widget-container-notification-frame" frameborder="0" marginheight="0" marginwidth="0" data-notification-layout-id="~184fc0b7" data-notification-layout-name="modal" style="display: block; position: fixed; z-index: 16776272; left: -1000px; top: -1000px; visibility: visible; height: 100%; width: 100%; transform: translate(1000px, 1000px);"></iframe>
  (Session info: chrome=125.0.6422.113)
Build info: version: '4.21.0', revision: '79ed462ef4'
System info: os.name: 'Windows 10', os.arch: 'amd64', os.version: '10.0', java.version: '20.0.1'
Driver info: org.openqa.selenium.chrome.ChromeDriver
Command: [d2b6219027d81a5b075af01ea8249095, clickElement {id=f.24173CAB4CD3CC59D823BA0796615367.d.E8AA6B5D8B977DB2E433BA9D21EA87A6.e.122}]
Capabilities {acceptInsecureCerts: false, browserName: chrome, browserVersion: 125.0.6422.113, chrome: {chromedriverVersion: 125.0.6422.141 (4b1e8393712..., userDataDir: C:\Users\SRAJAN~1\AppData\L...}, fedcm:accounts: true, goog:chromeOptions: {debuggerAddress: localhost:64760}, networkConnectionEnabled: false, pageLoadStrategy: normal, platformName: windows, proxy: Proxy(), se:cdp: ws://localhost:64760/devtoo..., se:cdpVersion: 125.0.6422.113, setWindowRect: true, strictFileInteractability: false, timeouts: {implicit: 0, pageLoad: 300000, script: 30000}, unhandledPromptBehavior: dismiss and notify, webauthn:extension:credBlob: true, webauthn:extension:largeBlob: true, webauthn:extension:minPinLength: true, webauthn:extension:prf: true, webauthn:virtualAuthenticators: true}
Element: [[ChromeDriver: chrome on windows (d2b6219027d81a5b075af01ea8249095)] -> xpath: //img[@class = 'appendLeft15 mousePointer signInByEmailButton']]
Session ID: d2b6219027d81a5b075af01ea8249095
at java.base/jdk.internal.reflect.DirectConstructorHandleAccessor.newInstance(DirectConstructorHandleAccessor.java:67)
at java.base/java.lang.reflect.Constructor.newInstanceWithCaller(Constructor.java:500)
at java.base/java.lang.reflect.Constructor.newInstance(Constructor.java:484)
at org.openqa.selenium.remote.ErrorCodec.decode(ErrorCodec.java:167)
at org.openqa.selenium.remote.codec.w3c.W3CHttpResponseCodec.decode(W3CHttpResponseCodec.java:138)
at org.openqa.selenium.remote.codec.w3c.W3CHttpResponseCodec.decode(W3CHttpResponseCodec.java:50)
at org.openqa.selenium.remote.HttpCommandExecutor.execute(HttpCommandExecutor.java:190)
at org.openqa.selenium.remote.service.DriverCommandExecutor.invokeExecute(DriverCommandExecutor.java:216)
at org.openqa.selenium.remote.service.DriverCommandExecutor.execute(DriverCommandExecutor.java:174)
at org.openqa.selenium.remote.RemoteWebDriver.execute(RemoteWebDriver.java:518)
at org.openqa.selenium.remote.RemoteWebElement.execute(RemoteWebElement.java:223)
at org.openqa.selenium.remote.RemoteWebElement.click(RemoteWebElement.java:76)
at java.base/jdk.internal.reflect.DirectMethodHandleAccessor.invoke(DirectMethodHandleAccessor.java:104)
at java.base/java.lang.reflect.Method.invoke(Method.java:578)
at org.openqa.selenium.support.pagefactory.internal.LocatingElementHandler.invoke(LocatingElementHandler.java:51)
at jdk.proxy2/jdk.proxy2.$Proxy13.click(Unknown Source)
at PageObject.LoginPageObject.loginwithvalidcreds(LoginPageObject.java:34)
at com.mmt.TestCases.LoginTestCase.validLoginTest(LoginTestCase.java:20)
at java.base/jdk.internal.reflect.DirectMethodHandleAccessor.invoke(DirectMethodHandleAccessor.java:104)
at java.base/java.lang.reflect.Method.invoke(Method.java:578)
at org.testng.internal.MethodInvocationHelper.invokeMethod(MethodInvocationHelper.java:133)
at org.testng.internal.TestInvoker.invokeMethod(TestInvoker.java:598)
at org.testng.internal.TestInvoker.invokeTestMethod(TestInvoker.java:173)
at org.testng.internal.MethodRunner.runInSequence(MethodRunner.java:46)
at org.testng.internal.TestInvoker$MethodInvocationAgent.invoke(TestInvoker.java:824)
at org.testng.internal.TestInvoker.invokeTestMethods(TestInvoker.java:146)
at org.testng.internal.TestMethodWorker.invokeTestMethods(TestMethodWorker.java:146)
at org.testng.internal.TestMethodWorker.run(TestMethodWorker.java:128)
at java.base/java.util.ArrayList.forEach(ArrayList.java:1511)
at org.testng.TestRunner.privateRun(TestRunner.java:794)
at org.testng.TestRunner.run(TestRunner.java:596)
at org.testng.SuiteRunner.runTest(SuiteRunner.java:377)
at org.testng.SuiteRunner.runSequentially(SuiteRunner.java:371)
at org.testng.SuiteRunner.privateRun(SuiteRunner.java:332)
at org.testng.SuiteRunner.run(SuiteRunner.java:276)
at org.testng.SuiteRunnerWorker.runSuite(SuiteRunnerWorker.java:53)
at org.testng.SuiteRunnerWorker.run(SuiteRunnerWorker.java:96)
at org.testng.TestNG.runSuitesSequentially(TestNG.java:1212)
at org.testng.TestNG.runSuitesLocally(TestNG.java:1134)
at org.testng.TestNG.runSuites(TestNG.java:1063)
at org.testng.TestNG.run(TestNG.java:1031)
at org.testng.remote.AbstractRemoteTestNG.run(AbstractRemoteTestNG.java:115)
at org.testng.remote.RemoteTestNG.initAndRun(RemoteTestNG.java:293)
at org.testng.remote.RemoteTestNG.main(RemoteTestNG.java:91)
]]>
            </full-stacktrace>
          </exception> <!-- org.openqa.selenium.ElementClickInterceptedException -->
          <reporter-output>
          </reporter-output>
        </test-method> <!-- validLoginTest -->
      </class> <!-- com.mmt.TestCases.LoginTestCase -->
    </test> <!-- Default test -->
  </suite> <!-- Default suite -->
</testng-results>
